<?xml version="1.0" encoding="UTF-8"?>
<testsuite name="com.spring.coffee.coffee.CoffeeApplicationTests" tests="1" skipped="0" failures="0" errors="0" timestamp="2024-03-13T14:44:21" hostname="Ankans-MacBook-Air.local" time="0.317">
  <properties/>
  <testcase name="contextLoads()" classname="com.spring.coffee.coffee.CoffeeApplicationTests" time="0.317"/>
  <system-out><![CDATA[20:14:20.172 [Test worker] INFO org.springframework.test.context.support.AnnotationConfigContextLoaderUtils -- Could not detect default configuration classes for test class [com.spring.coffee.coffee.CoffeeApplicationTests]: CoffeeApplicationTests does not declare any static, non-private, non-final, nested classes annotated with @Configuration.
20:14:20.213 [Test worker] INFO org.springframework.boot.test.context.SpringBootTestContextBootstrapper -- Found @SpringBootConfiguration com.spring.coffee.coffee.CoffeeApplication for test class com.spring.coffee.coffee.CoffeeApplicationTests

  .   ____          _            __ _ _
 /\\ / ___'_ __ _ _(_)_ __  __ _ \ \ \ \
( ( )\___ | '_ | '_| | '_ \/ _` | \ \ \ \
 \\/  ___)| |_)| | | | | || (_| |  ) ) ) )
  '  |____| .__|_| |_|_| |_\__, | / / / /
 =========|_|==============|___/=/_/_/_/
 :: Spring Boot ::                (v3.2.3)

2024-03-13T20:14:20.366+05:30  INFO 79310 --- [coffee] [    Test worker] c.s.c.coffee.CoffeeApplicationTests      : Starting CoffeeApplicationTests using Java 21.0.1 with PID 79310 (started by ankanchanda in /Users/ankanchanda/programming/Development/spring-projects/coffee/coffee)
2024-03-13T20:14:20.367+05:30  INFO 79310 --- [coffee] [    Test worker] c.s.c.coffee.CoffeeApplicationTests      : No active profile set, falling back to 1 default profile: "default"
2024-03-13T20:14:20.634+05:30  INFO 79310 --- [coffee] [    Test worker] .s.d.r.c.RepositoryConfigurationDelegate : Bootstrapping Spring Data JPA repositories in DEFAULT mode.
2024-03-13T20:14:20.656+05:30  INFO 79310 --- [coffee] [    Test worker] .s.d.r.c.RepositoryConfigurationDelegate : Finished Spring Data repository scanning in 18 ms. Found 1 JPA repository interface.
2024-03-13T20:14:20.838+05:30  INFO 79310 --- [coffee] [    Test worker] com.zaxxer.hikari.HikariDataSource       : HikariPool-1 - Starting...
2024-03-13T20:14:20.926+05:30  INFO 79310 --- [coffee] [    Test worker] com.zaxxer.hikari.pool.HikariPool        : HikariPool-1 - Added connection conn0: url=jdbc:h2:mem:816bb913-f5dc-4c61-bfd0-f32441ce3046 user=SA
2024-03-13T20:14:20.926+05:30  INFO 79310 --- [coffee] [    Test worker] com.zaxxer.hikari.HikariDataSource       : HikariPool-1 - Start completed.
2024-03-13T20:14:20.949+05:30  INFO 79310 --- [coffee] [    Test worker] o.hibernate.jpa.internal.util.LogHelper  : HHH000204: Processing PersistenceUnitInfo [name: default]
2024-03-13T20:14:20.969+05:30  INFO 79310 --- [coffee] [    Test worker] org.hibernate.Version                    : HHH000412: Hibernate ORM core version 6.4.4.Final
2024-03-13T20:14:20.987+05:30  INFO 79310 --- [coffee] [    Test worker] o.h.c.internal.RegionFactoryInitiator    : HHH000026: Second-level cache disabled
2024-03-13T20:14:21.078+05:30  INFO 79310 --- [coffee] [    Test worker] o.s.o.j.p.SpringPersistenceUnitInfo      : No LoadTimeWeaver setup: ignoring JPA class transformer
2024-03-13T20:14:21.429+05:30  INFO 79310 --- [coffee] [    Test worker] o.h.e.t.j.p.i.JtaPlatformInitiator       : HHH000489: No JTA platform available (set 'hibernate.transaction.jta.platform' to enable JTA platform integration)
2024-03-13T20:14:21.442+05:30  INFO 79310 --- [coffee] [    Test worker] j.LocalContainerEntityManagerFactoryBean : Initialized JPA EntityManagerFactory for persistence unit 'default'
2024-03-13T20:14:21.526+05:30  WARN 79310 --- [coffee] [    Test worker] JpaBaseConfiguration$JpaWebConfiguration : spring.jpa.open-in-view is enabled by default. Therefore, database queries may be performed during view rendering. Explicitly configure spring.jpa.open-in-view to disable this warning
2024-03-13T20:14:21.779+05:30  INFO 79310 --- [coffee] [    Test worker] c.s.c.coffee.CoffeeApplicationTests      : Started CoffeeApplicationTests in 1.511 seconds (process running for 2.015)
]]></system-out>
  <system-err><![CDATA[WARNING: A Java agent has been loaded dynamically (/Users/ankanchanda/.gradle/caches/modules-2/files-2.1/net.bytebuddy/byte-buddy-agent/1.14.12/be4984cb6fd1ef1d11f218a648889dfda44b8a15/byte-buddy-agent-1.14.12.jar)
WARNING: If a serviceability tool is in use, please run with -XX:+EnableDynamicAgentLoading to hide this warning
WARNING: If a serviceability tool is not in use, please run with -Djdk.instrument.traceUsage for more information
WARNING: Dynamic loading of agents will be disallowed by default in a future release
]]></system-err>
</testsuite>
